0 info it worked if it ends with ok
1 verbose cli [ '/usr/local/Cellar/iojs/2.3.0/bin/iojs',
1 verbose cli   '/usr/local/bin/npm',
1 verbose cli   'run',
1 verbose cli   'build' ]
2 info using npm@2.7.4
3 info using node@v2.3.0
4 verbose run-script [ 'prebuild', 'build', 'postbuild' ]
5 info prebuild Soundcloud-Enhancement-Suite@1.0.0
6 info build Soundcloud-Enhancement-Suite@1.0.0
7 verbose unsafe-perm in lifecycle true
8 info Soundcloud-Enhancement-Suite@1.0.0 Failed to exec build script
9 verbose stack Error: Soundcloud-Enhancement-Suite@1.0.0 build: `./bin/build`
9 verbose stack Exit status 126
9 verbose stack     at EventEmitter.<anonymous> (/usr/local/lib/node_modules/npm/lib/utils/lifecycle.js:213:16)
9 verbose stack     at emitTwo (events.js:87:13)
9 verbose stack     at EventEmitter.emit (events.js:172:7)
9 verbose stack     at ChildProcess.<anonymous> (/usr/local/lib/node_modules/npm/lib/utils/spawn.js:14:12)
9 verbose stack     at emitTwo (events.js:87:13)
9 verbose stack     at ChildProcess.emit (events.js:172:7)
9 verbose stack     at maybeClose (internal/child_process.js:764:16)
9 verbose stack     at Process.ChildProcess._handle.onexit (internal/child_process.js:211:5)
10 verbose pkgid Soundcloud-Enhancement-Suite@1.0.0
11 verbose cwd /Users/ap/code/labs/active/KinjaBugReporter
12 error Darwin 14.0.0
13 error argv "/usr/local/Cellar/iojs/2.3.0/bin/iojs" "/usr/local/bin/npm" "run" "build"
14 error node v2.3.0
15 error npm  v2.7.4
16 error code ELIFECYCLE
17 error Soundcloud-Enhancement-Suite@1.0.0 build: `./bin/build`
17 error Exit status 126
18 error Failed at the Soundcloud-Enhancement-Suite@1.0.0 build script './bin/build'.
18 error This is most likely a problem with the Soundcloud-Enhancement-Suite package,
18 error not with npm itself.
18 error Tell the author that this fails on your system:
18 error     ./bin/build
18 error You can get their info via:
18 error     npm owner ls Soundcloud-Enhancement-Suite
18 error There is likely additional logging output above.
19 verbose exit [ 1, true ]
